<?xml version="1.0" encoding="UTF-8"?>
<testng-results skipped="0" failed="2" ignored="0" total="2" passed="0">
  <reporter-output>
    <line>
      <![CDATA[<div "result">I am going to &quot;EIDMLoginPage&quot; (PASSED : 2s)</div>]]>
    </line>
    <line>
      <![CDATA[<div "result">checking for security certificates (PASSED : 0s)</div>]]>
    </line>
    <line>
      <![CDATA[<div "result">I am entering &quot;DYURCHYK_TEST&quot; and &quot;Summr88!&quot; (PASSED : 61s)</div>]]>
    </line>
    <line>
      <![CDATA[<div "result">checking for security certificates (FAILED : 0s)</div>]]>
    </line>
    <line>
      <![CDATA[<div "result">verifying that I have logged in successfully and title is &quot;Content Management System&quot; (SKIPPED)</div>]]>
    </line>
    <line>
      <![CDATA[<div "result">I am going to Manage Content Type Page (SKIPPED)</div>]]>
    </line>
    <line>
      <![CDATA[<div "result">clicking on create content type and entering &quot;Content name1&quot; in Content Type name field (SKIPPED)</div>]]>
    </line>
    <line>
      <![CDATA[<div "result">I am verifying that Content Type has been created (SKIPPED)</div>]]>
    </line>
    <line>
      <![CDATA[<div "result">I am going to &quot;EIDMLoginPage&quot; (FAILED : 0s)</div>]]>
    </line>
    <line>
      <![CDATA[<div "result">checking for security certificates (SKIPPED)</div>]]>
    </line>
    <line>
      <![CDATA[<div "result">I am entering &quot;KK-Test02&quot; and &quot;Spr!ng2018@07&quot; (SKIPPED)</div>]]>
    </line>
    <line>
      <![CDATA[<div "result">checking for security certificates (SKIPPED)</div>]]>
    </line>
    <line>
      <![CDATA[<div "result">verifying that I have logged in successfully and title is &quot;Content Management System&quot; (SKIPPED)</div>]]>
    </line>
    <line>
      <![CDATA[<div "result">I am going to Manage Content Type Page (SKIPPED)</div>]]>
    </line>
    <line>
      <![CDATA[<div "result">clicking on create content type and entering &quot;Content name2&quot; in Content Type name field (SKIPPED)</div>]]>
    </line>
    <line>
      <![CDATA[<div "result">I am verifying that Content Type has been created (SKIPPED)</div>]]>
    </line>
  </reporter-output>
  <suite name="Default suite" duration-ms="69688" started-at="2019-01-17T18:24:01Z" finished-at="2019-01-17T18:25:11Z">
    <groups>
      <group name="cucumber">
        <method signature="AbstractTestNGCucumberTests.runScenario(cucumber.api.testng.PickleEventWrapper, cucumber.api.testng.CucumberFeatureWrapper)[pri:0, instance:gov.cms.ess.runners.MainRunner@6c9f5c0d]" name="runScenario" class="cucumber.api.testng.AbstractTestNGCucumberTests"/>
      </group> <!-- cucumber -->
    </groups>
    <test name="Default test" duration-ms="69688" started-at="2019-01-17T18:24:01Z" finished-at="2019-01-17T18:25:11Z">
      <class name="gov.cms.ess.runners.MainRunner">
        <test-method status="PASS" signature="setUpClass()[pri:0, instance:gov.cms.ess.runners.MainRunner@6c9f5c0d]" name="setUpClass" is-config="true" duration-ms="207" started-at="2019-01-17T18:24:01Z" finished-at="2019-01-17T18:24:01Z">
          <reporter-output>
          </reporter-output>
        </test-method> <!-- setUpClass -->
        <test-method status="FAIL" signature="runScenario(cucumber.api.testng.PickleEventWrapper, cucumber.api.testng.CucumberFeatureWrapper)[pri:0, instance:gov.cms.ess.runners.MainRunner@6c9f5c0d]" name="runScenario" duration-ms="69347" started-at="2019-01-17T18:24:01Z" description="Runs Cucumber Scenarios" data-provider="scenarios" finished-at="2019-01-17T18:25:11Z">
          <params>
            <param index="0">
              <value>
                <![CDATA["Login and create Content Type"]]>
              </value>
            </param>
            <param index="1">
              <value>
                <![CDATA["First test in cucumber"]]>
              </value>
            </param>
          </params>
          <exception class="org.openqa.selenium.NoSuchWindowException">
            <message>
              <![CDATA[no such window: target window already closed
from unknown error: web view not found
  (Session info: chrome=71.0.3578.98)
  (Driver info: chromedriver=72.0.3626.7 (efcef9a3ecda02b2132af215116a03852d08b9cb),platform=Windows NT 6.1.7601 SP1 x86_64) (WARNING: The server did not provide any stacktrace information)
Command duration or timeout: 0 milliseconds
Build info: version: '3.11.0', revision: 'e59cfb3', time: '2018-03-11T20:26:55.152Z'
System info: host: 'VTRVAL-BBKSVD2', ip: '10.0.252.58', os.name: 'Windows 7', os.arch: 'amd64', os.version: '6.1', java.version: '1.8.0_171'
Driver info: org.openqa.selenium.chrome.ChromeDriver
Capabilities {acceptInsecureCerts: false, acceptSslCerts: false, applicationCacheEnabled: false, browserConnectionEnabled: false, browserName: chrome, chrome: {chromedriverVersion: 72.0.3626.7 (efcef9a3ecda02..., userDataDir: C:\Users\ib3356\AppData\Loc...}, cssSelectorsEnabled: true, databaseEnabled: false, goog:chromeOptions: {debuggerAddress: localhost:50280}, handlesAlerts: true, hasTouchScreen: false, javascriptEnabled: true, locationContextEnabled: true, mobileEmulationEnabled: false, nativeEvents: true, networkConnectionEnabled: false, pageLoadStrategy: normal, platform: XP, platformName: XP, proxy: Proxy(), rotatable: false, setWindowRect: true, takesHeapSnapshot: true, takesScreenshot: true, timeouts: {implicit: 0, pageLoad: 300000, script: 30000}, unexpectedAlertBehaviour: ignore, unhandledPromptBehavior: ignore, version: 71.0.3578.98, webStorageEnabled: true}
Session ID: 97d2c30beb87a7861e40761b8d74b137]]>
            </message>
            <full-stacktrace>
              <![CDATA[org.openqa.selenium.NoSuchWindowException: no such window: target window already closed
from unknown error: web view not found
  (Session info: chrome=71.0.3578.98)
  (Driver info: chromedriver=72.0.3626.7 (efcef9a3ecda02b2132af215116a03852d08b9cb),platform=Windows NT 6.1.7601 SP1 x86_64) (WARNING: The server did not provide any stacktrace information)
Command duration or timeout: 0 milliseconds
Build info: version: '3.11.0', revision: 'e59cfb3', time: '2018-03-11T20:26:55.152Z'
System info: host: 'VTRVAL-BBKSVD2', ip: '10.0.252.58', os.name: 'Windows 7', os.arch: 'amd64', os.version: '6.1', java.version: '1.8.0_171'
Driver info: org.openqa.selenium.chrome.ChromeDriver
Capabilities {acceptInsecureCerts: false, acceptSslCerts: false, applicationCacheEnabled: false, browserConnectionEnabled: false, browserName: chrome, chrome: {chromedriverVersion: 72.0.3626.7 (efcef9a3ecda02..., userDataDir: C:\Users\ib3356\AppData\Loc...}, cssSelectorsEnabled: true, databaseEnabled: false, goog:chromeOptions: {debuggerAddress: localhost:50280}, handlesAlerts: true, hasTouchScreen: false, javascriptEnabled: true, locationContextEnabled: true, mobileEmulationEnabled: false, nativeEvents: true, networkConnectionEnabled: false, pageLoadStrategy: normal, platform: XP, platformName: XP, proxy: Proxy(), rotatable: false, setWindowRect: true, takesHeapSnapshot: true, takesScreenshot: true, timeouts: {implicit: 0, pageLoad: 300000, script: 30000}, unexpectedAlertBehaviour: ignore, unhandledPromptBehavior: ignore, version: 71.0.3578.98, webStorageEnabled: true}
Session ID: 97d2c30beb87a7861e40761b8d74b137
at sun.reflect.NativeConstructorAccessorImpl.newInstance0(Native Method)
at sun.reflect.NativeConstructorAccessorImpl.newInstance(NativeConstructorAccessorImpl.java:62)
at sun.reflect.DelegatingConstructorAccessorImpl.newInstance(DelegatingConstructorAccessorImpl.java:45)
at java.lang.reflect.Constructor.newInstance(Constructor.java:423)
at org.openqa.selenium.remote.ErrorHandler.createThrowable(ErrorHandler.java:214)
at org.openqa.selenium.remote.ErrorHandler.throwIfResponseFailed(ErrorHandler.java:166)
at org.openqa.selenium.remote.http.JsonHttpResponseCodec.reconstructValue(JsonHttpResponseCodec.java:40)
at org.openqa.selenium.remote.http.AbstractHttpResponseCodec.decode(AbstractHttpResponseCodec.java:80)
at org.openqa.selenium.remote.http.AbstractHttpResponseCodec.decode(AbstractHttpResponseCodec.java:44)
at org.openqa.selenium.remote.HttpCommandExecutor.execute(HttpCommandExecutor.java:158)
at org.openqa.selenium.remote.service.DriverCommandExecutor.execute(DriverCommandExecutor.java:83)
at org.openqa.selenium.remote.RemoteWebDriver.execute(RemoteWebDriver.java:545)
at org.openqa.selenium.remote.RemoteWebDriver.execute(RemoteWebDriver.java:602)
at org.openqa.selenium.remote.RemoteWebDriver.getTitle(RemoteWebDriver.java:277)
at gov.cms.utilities.UI_Utils.checkIfCertificateAndAccept(UI_Utils.java:30)
at gov.cms.ess.stepDefinitions.Test_stepDefinition.checking_for_security_certificates(Test_stepDefinition.java:25)
at ✽.checking for security certificates(src/test/resources/gov/cms/ess/features/test.feature:9)
]]>
            </full-stacktrace>
          </exception> <!-- org.openqa.selenium.NoSuchWindowException -->
          <reporter-output>
            <line>
              <![CDATA[<div "result">I am going to &quot;EIDMLoginPage&quot; (PASSED : 2s)</div>]]>
            </line>
            <line>
              <![CDATA[<div "result">checking for security certificates (PASSED : 0s)</div>]]>
            </line>
            <line>
              <![CDATA[<div "result">I am entering &quot;DYURCHYK_TEST&quot; and &quot;Summr88!&quot; (PASSED : 61s)</div>]]>
            </line>
            <line>
              <![CDATA[<div "result">checking for security certificates (FAILED : 0s)</div>]]>
            </line>
            <line>
              <![CDATA[<div "result">verifying that I have logged in successfully and title is &quot;Content Management System&quot; (SKIPPED)</div>]]>
            </line>
            <line>
              <![CDATA[<div "result">I am going to Manage Content Type Page (SKIPPED)</div>]]>
            </line>
            <line>
              <![CDATA[<div "result">clicking on create content type and entering &quot;Content name1&quot; in Content Type name field (SKIPPED)</div>]]>
            </line>
            <line>
              <![CDATA[<div "result">I am verifying that Content Type has been created (SKIPPED)</div>]]>
            </line>
          </reporter-output>
        </test-method> <!-- runScenario -->
        <test-method status="FAIL" signature="runScenario(cucumber.api.testng.PickleEventWrapper, cucumber.api.testng.CucumberFeatureWrapper)[pri:0, instance:gov.cms.ess.runners.MainRunner@6c9f5c0d]" name="runScenario" duration-ms="31" started-at="2019-01-17T18:25:11Z" description="Runs Cucumber Scenarios" data-provider="scenarios" finished-at="2019-01-17T18:25:11Z">
          <params>
            <param index="0">
              <value>
                <![CDATA["Login and create Content Type"]]>
              </value>
            </param>
            <param index="1">
              <value>
                <![CDATA["First test in cucumber"]]>
              </value>
            </param>
          </params>
          <exception class="org.openqa.selenium.NoSuchWindowException">
            <message>
              <![CDATA[no such window: target window already closed
from unknown error: web view not found
  (Session info: chrome=71.0.3578.98)
  (Driver info: chromedriver=72.0.3626.7 (efcef9a3ecda02b2132af215116a03852d08b9cb),platform=Windows NT 6.1.7601 SP1 x86_64) (WARNING: The server did not provide any stacktrace information)
Command duration or timeout: 0 milliseconds
Build info: version: '3.11.0', revision: 'e59cfb3', time: '2018-03-11T20:26:55.152Z'
System info: host: 'VTRVAL-BBKSVD2', ip: '10.0.252.58', os.name: 'Windows 7', os.arch: 'amd64', os.version: '6.1', java.version: '1.8.0_171'
Driver info: org.openqa.selenium.chrome.ChromeDriver
Capabilities {acceptInsecureCerts: false, acceptSslCerts: false, applicationCacheEnabled: false, browserConnectionEnabled: false, browserName: chrome, chrome: {chromedriverVersion: 72.0.3626.7 (efcef9a3ecda02..., userDataDir: C:\Users\ib3356\AppData\Loc...}, cssSelectorsEnabled: true, databaseEnabled: false, goog:chromeOptions: {debuggerAddress: localhost:50280}, handlesAlerts: true, hasTouchScreen: false, javascriptEnabled: true, locationContextEnabled: true, mobileEmulationEnabled: false, nativeEvents: true, networkConnectionEnabled: false, pageLoadStrategy: normal, platform: XP, platformName: XP, proxy: Proxy(), rotatable: false, setWindowRect: true, takesHeapSnapshot: true, takesScreenshot: true, timeouts: {implicit: 0, pageLoad: 300000, script: 30000}, unexpectedAlertBehaviour: ignore, unhandledPromptBehavior: ignore, version: 71.0.3578.98, webStorageEnabled: true}
Session ID: 97d2c30beb87a7861e40761b8d74b137]]>
            </message>
            <full-stacktrace>
              <![CDATA[org.openqa.selenium.NoSuchWindowException: no such window: target window already closed
from unknown error: web view not found
  (Session info: chrome=71.0.3578.98)
  (Driver info: chromedriver=72.0.3626.7 (efcef9a3ecda02b2132af215116a03852d08b9cb),platform=Windows NT 6.1.7601 SP1 x86_64) (WARNING: The server did not provide any stacktrace information)
Command duration or timeout: 0 milliseconds
Build info: version: '3.11.0', revision: 'e59cfb3', time: '2018-03-11T20:26:55.152Z'
System info: host: 'VTRVAL-BBKSVD2', ip: '10.0.252.58', os.name: 'Windows 7', os.arch: 'amd64', os.version: '6.1', java.version: '1.8.0_171'
Driver info: org.openqa.selenium.chrome.ChromeDriver
Capabilities {acceptInsecureCerts: false, acceptSslCerts: false, applicationCacheEnabled: false, browserConnectionEnabled: false, browserName: chrome, chrome: {chromedriverVersion: 72.0.3626.7 (efcef9a3ecda02..., userDataDir: C:\Users\ib3356\AppData\Loc...}, cssSelectorsEnabled: true, databaseEnabled: false, goog:chromeOptions: {debuggerAddress: localhost:50280}, handlesAlerts: true, hasTouchScreen: false, javascriptEnabled: true, locationContextEnabled: true, mobileEmulationEnabled: false, nativeEvents: true, networkConnectionEnabled: false, pageLoadStrategy: normal, platform: XP, platformName: XP, proxy: Proxy(), rotatable: false, setWindowRect: true, takesHeapSnapshot: true, takesScreenshot: true, timeouts: {implicit: 0, pageLoad: 300000, script: 30000}, unexpectedAlertBehaviour: ignore, unhandledPromptBehavior: ignore, version: 71.0.3578.98, webStorageEnabled: true}
Session ID: 97d2c30beb87a7861e40761b8d74b137
at sun.reflect.NativeConstructorAccessorImpl.newInstance0(Native Method)
at sun.reflect.NativeConstructorAccessorImpl.newInstance(NativeConstructorAccessorImpl.java:62)
at sun.reflect.DelegatingConstructorAccessorImpl.newInstance(DelegatingConstructorAccessorImpl.java:45)
at java.lang.reflect.Constructor.newInstance(Constructor.java:423)
at org.openqa.selenium.remote.ErrorHandler.createThrowable(ErrorHandler.java:214)
at org.openqa.selenium.remote.ErrorHandler.throwIfResponseFailed(ErrorHandler.java:166)
at org.openqa.selenium.remote.http.JsonHttpResponseCodec.reconstructValue(JsonHttpResponseCodec.java:40)
at org.openqa.selenium.remote.http.AbstractHttpResponseCodec.decode(AbstractHttpResponseCodec.java:80)
at org.openqa.selenium.remote.http.AbstractHttpResponseCodec.decode(AbstractHttpResponseCodec.java:44)
at org.openqa.selenium.remote.HttpCommandExecutor.execute(HttpCommandExecutor.java:158)
at org.openqa.selenium.remote.service.DriverCommandExecutor.execute(DriverCommandExecutor.java:83)
at org.openqa.selenium.remote.RemoteWebDriver.execute(RemoteWebDriver.java:545)
at org.openqa.selenium.remote.RemoteWebDriver.get(RemoteWebDriver.java:273)
at gov.cms.utilities.UI_Utils.goingToHomePage(UI_Utils.java:62)
at gov.cms.ess.stepDefinitions.Test_stepDefinition.i_am_going_to(Test_stepDefinition.java:20)
at ✽.I am going to "EIDMLoginPage"(src/test/resources/gov/cms/ess/features/test.feature:6)
]]>
            </full-stacktrace>
          </exception> <!-- org.openqa.selenium.NoSuchWindowException -->
          <reporter-output>
            <line>
              <![CDATA[<div "result">I am going to &quot;EIDMLoginPage&quot; (FAILED : 0s)</div>]]>
            </line>
            <line>
              <![CDATA[<div "result">checking for security certificates (SKIPPED)</div>]]>
            </line>
            <line>
              <![CDATA[<div "result">I am entering &quot;KK-Test02&quot; and &quot;Spr!ng2018@07&quot; (SKIPPED)</div>]]>
            </line>
            <line>
              <![CDATA[<div "result">checking for security certificates (SKIPPED)</div>]]>
            </line>
            <line>
              <![CDATA[<div "result">verifying that I have logged in successfully and title is &quot;Content Management System&quot; (SKIPPED)</div>]]>
            </line>
            <line>
              <![CDATA[<div "result">I am going to Manage Content Type Page (SKIPPED)</div>]]>
            </line>
            <line>
              <![CDATA[<div "result">clicking on create content type and entering &quot;Content name2&quot; in Content Type name field (SKIPPED)</div>]]>
            </line>
            <line>
              <![CDATA[<div "result">I am verifying that Content Type has been created (SKIPPED)</div>]]>
            </line>
          </reporter-output>
        </test-method> <!-- runScenario -->
        <test-method status="PASS" signature="tearDownClass()[pri:0, instance:gov.cms.ess.runners.MainRunner@6c9f5c0d]" name="tearDownClass" is-config="true" duration-ms="32" started-at="2019-01-17T18:25:11Z" finished-at="2019-01-17T18:25:11Z">
          <reporter-output>
          </reporter-output>
        </test-method> <!-- tearDownClass -->
      </class> <!-- gov.cms.ess.runners.MainRunner -->
    </test> <!-- Default test -->
  </suite> <!-- Default suite -->
</testng-results>
